Log file open, 01/14/19 13:38:26
LogWindows: Failed to load 'aqProf.dll' (GetLastError=126)
LogWindows: File 'aqProf.dll' does not exist
LogWindows: Failed to load 'VtuneApi.dll' (GetLastError=126)
LogWindows: File 'VtuneApi.dll' does not exist
LogWindows: Failed to load 'VtuneApi32e.dll' (GetLastError=126)
LogWindows: File 'VtuneApi32e.dll' does not exist
LogConsoleResponse: Display: Failed to find resolution value strings in scalability ini. Falling back to default.
LogInit: Display: Running engine for game: CHOA_store_final
LogPakFile: Registered encryption key '00000000000000000000000000000000': 0 pak files mounted, 0 remain pending
LogPlatformFile: Not using cached read wrapper
LogTaskGraph: Started task graph with 5 named threads and 35 total threads with 3 sets of task threads.
LogStats: Stats thread started at 0.476747
LogD3D11RHI: Loaded GFSDK_Aftermath_Lib.x64.dll
LogICUInternationalization: ICU TimeZone Detection - Raw Offset: -5:00, Platform Override: ''
LogPluginManager: Mounting plugin Paper2D
LogPluginManager: Mounting plugin AISupport
LogPluginManager: Mounting plugin LightPropagationVolume
LogPluginManager: Mounting plugin ActorLayerUtilities
LogPluginManager: Mounting plugin CLionSourceCodeAccess
LogPluginManager: Mounting plugin CodeLiteSourceCodeAccess
LogPluginManager: Mounting plugin GitSourceControl
LogPluginManager: Mounting plugin KDevelopSourceCodeAccess
LogPluginManager: Mounting plugin NullSourceCodeAccess
LogPluginManager: Mounting plugin PerforceSourceControl
LogPluginManager: Mounting plugin SubversionSourceControl
LogPluginManager: Mounting plugin UObjectPlugin
LogPluginManager: Mounting plugin VisualStudioCodeSourceCodeAccess
LogPluginManager: Mounting plugin VisualStudioSourceCodeAccess
LogPluginManager: Mounting plugin XCodeSourceCodeAccess
LogPluginManager: Mounting plugin AssetManagerEditor
LogPluginManager: Mounting plugin CryptoKeys
LogPluginManager: Mounting plugin DataValidation
LogPluginManager: Mounting plugin FacialAnimation
LogPluginManager: Mounting plugin GameplayTagsEditor
LogPluginManager: Mounting plugin MacGraphicsSwitching
LogPluginManager: Mounting plugin MeshEditor
LogPluginManager: Mounting plugin MobileLauncherProfileWizard
LogPluginManager: Mounting plugin PluginBrowser
LogPluginManager: Mounting plugin SpeedTreeImporter
LogPluginManager: Mounting plugin DatasmithContent
LogPluginManager: Mounting plugin VariantManagerContent
LogPluginManager: Mounting plugin AlembicImporter
LogPluginManager: Mounting plugin AppleImageUtils
LogPluginManager: Mounting plugin AppleVision
LogPluginManager: Mounting plugin BackChannel
LogPluginManager: Mounting plugin CharacterAI
LogPluginManager: Mounting plugin GeometryCache
LogPluginManager: Mounting plugin HTML5Networking
LogPluginManager: Mounting plugin ProxyLODPlugin
LogPluginManager: Mounting plugin MagicLeap
LogPluginManager: Mounting plugin MagicLeapMedia
LogPluginManager: Mounting plugin AndroidMedia
LogPluginManager: Mounting plugin AvfMedia
LogPluginManager: Mounting plugin ImgMedia
LogPluginManager: Mounting plugin LinearTimecode
LogPluginManager: Mounting plugin MediaCompositing
LogPluginManager: Mounting plugin MediaPlayerEditor
LogPluginManager: Mounting plugin WebMMedia
LogPluginManager: Mounting plugin WmfMedia
LogPluginManager: Mounting plugin TcpMessaging
LogPluginManager: Mounting plugin UdpMessaging
LogPluginManager: Mounting plugin ActorSequence
LogPluginManager: Mounting plugin LevelSequenceEditor
LogPluginManager: Mounting plugin MatineeToLevelSequence
LogPluginManager: Mounting plugin NetcodeUnitTest
LogPluginManager: Mounting plugin NUTUnrealEngine4
LogPluginManager: Mounting plugin OnlineSubsystemGooglePlay
LogPluginManager: Mounting plugin OnlineSubsystemIOS
LogPluginManager: Mounting plugin OnlineSubsystem
LogPluginManager: Mounting plugin OnlineSubsystemNull
LogPluginManager: Mounting plugin OnlineSubsystemUtils
LogPluginManager: Mounting plugin LauncherChunkInstaller
LogPluginManager: Mounting plugin AndroidDeviceProfileSelector
LogPluginManager: Mounting plugin AndroidMoviePlayer
LogPluginManager: Mounting plugin AndroidPermission
LogPluginManager: Mounting plugin AppleMoviePlayer
LogPluginManager: Mounting plugin ArchVisCharacter
LogPluginManager: Mounting plugin AudioCapture
LogPluginManager: Mounting plugin CableComponent
LogPluginManager: Mounting plugin CustomMeshComponent
LogPluginManager: Mounting plugin EditableMesh
LogPluginManager: Mounting plugin ExampleDeviceProfileSelector
LogPluginManager: Mounting plugin Firebase
LogPluginManager: Mounting plugin GoogleCloudMessaging
LogPluginManager: Mounting plugin IOSDeviceProfileSelector
LogPluginManager: Mounting plugin LinuxDeviceProfileSelector
LogPluginManager: Mounting plugin LocationServicesBPLibrary
LogPluginManager: Mounting plugin MobilePatchingUtils
LogPluginManager: Mounting plugin OculusVR
LogPluginManager: Mounting plugin PhysXVehicles
LogPluginManager: Mounting plugin ProceduralMeshComponent
LogPluginManager: Mounting plugin RuntimePhysXCooking
LogPluginManager: Mounting plugin SteamVR
LogPluginManager: Mounting plugin WebMMoviePlayer
LogPluginManager: Mounting plugin WindowsMoviePlayer
LogStreaming: Display: Took  0.164s to configure plugins.
LogInit: Using libcurl 7.55.1-DEV
LogInit:  - built for x86_64-pc-win32
LogInit:  - supports SSL with OpenSSL/1.0.2h
LogInit:  - supports HTTP deflate (compression) using libz 1.2.8
LogInit:  - other features:
LogInit:      CURL_VERSION_SSL
LogInit:      CURL_VERSION_LIBZ
LogInit:      CURL_VERSION_IPV6
LogInit:      CURL_VERSION_ASYNCHDNS
LogInit:      CURL_VERSION_LARGEFILE
LogInit:      CURL_VERSION_IDN
LogInit:  CurlRequestOptions (configurable via config and command line):
LogInit:  - bVerifyPeer = true  - Libcurl will verify peer certificate
LogInit:  - bUseHttpProxy = false  - Libcurl will NOT use HTTP proxy
LogInit:  - bDontReuseConnections = false  - Libcurl will reuse connections
LogInit:  - MaxHostConnections = 16  - Libcurl will limit the number of connections to a host
LogInit:  - LocalHostAddr = Default
LogInit:  - BufferSize = 65536
LogInit: WinSock: version 1.1 (2.2), MaxSocks=32767, MaxUdp=65467
LogInit: Build: ++UE4+Release-4.21-CL-4613538
LogInit: Engine Version: 4.21.1-4613538+++UE4+Release-4.21
LogInit: Compatible Engine Version: 4.21.0-4541578+++UE4+Release-4.21
LogInit: Net CL: 4541578
LogInit: OS: Windows 10 (), CPU: Intel(R) Core(TM) i7-6800K CPU @ 3.40GHz, GPU: NVIDIA GeForce GTX 1080
LogInit: Compiled (64-bit): Nov 30 2018 04:13:25
LogInit: Compiled with Visual C++: 19.13.26129.00
LogInit: Build Configuration: Development
LogInit: Branch Name: ++UE4+Release-4.21
LogInit: Command Line: 
LogInit: Base Directory: C:/Program Files/Epic Games/UE_4.21/Engine/Binaries/Win64/
LogInit: Installed Engine Build: 1
LogDevObjectVersion: Number of dev versions registered: 22
LogDevObjectVersion:   Dev-Blueprints (B0D832E4-1F89-4F0D-ACCF-7EB736FD4AA2): 10
LogDevObjectVersion:   Dev-Build (E1C64328-A22C-4D53-A36C-8E866417BD8C): 0
LogDevObjectVersion:   Dev-Core (375EC13C-06E4-48FB-B500-84F0262A717E): 2
LogDevObjectVersion:   Dev-Editor (E4B068ED-F494-42E9-A231-DA0B2E46BB41): 26
LogDevObjectVersion:   Dev-Framework (CFFC743F-43B0-4480-9391-14DF171D2073): 34
LogDevObjectVersion:   Dev-Mobile (B02B49B5-BB20-44E9-A304-32B752E40360): 2
LogDevObjectVersion:   Dev-Networking (A4E4105C-59A1-49B5-A7C5-40C4547EDFEE): 0
LogDevObjectVersion:   Dev-Online (39C831C9-5AE6-47DC-9A44-9C173E1C8E7C): 0
LogDevObjectVersion:   Dev-Physics (78F01B33-EBEA-4F98-B9B4-84EACCB95AA2): 0
LogDevObjectVersion:   Dev-Platform (6631380F-2D4D-43E0-8009-CF276956A95A): 0
LogDevObjectVersion:   Dev-Rendering (12F88B9F-8875-4AFC-A67C-D90C383ABD29): 27
LogDevObjectVersion:   Dev-Sequencer (7B5AE74C-D270-4C10-A958-57980B212A5A): 9
LogDevObjectVersion:   Dev-VR (D7296918-1DD6-4BDD-9DE2-64A83CC13884): 2
LogDevObjectVersion:   Dev-LoadTimes (C2A15278-BFE7-4AFE-6C17-90FF531DF755): 1
LogDevObjectVersion:   Private-Geometry (6EACA3D4-40EC-4CC1-B786-8BED09428FC5): 3
LogDevObjectVersion:   Dev-AnimPhys (29E575DD-E0A3-4627-9D10-D276232CDCEA): 17
LogDevObjectVersion:   Dev-Anim (AF43A65D-7FD3-4947-9873-3E8ED9C1BB05): 2
LogDevObjectVersion:   Dev-ReflectionCapture (6B266CEC-1EC7-4B8F-A30B-E4D90942FC07): 1
LogDevObjectVersion:   Dev-Automation (0DF73D61-A23F-47EA-B727-89E90C41499A): 1
LogDevObjectVersion:   FortniteMain (601D1886-AC64-4F84-AA16-D3DE0DEAC7D6): 17
LogDevObjectVersion:   Dev-Enterprise (9DFFBCD6-494F-0158-E221-12823C92A888): 4
LogDevObjectVersion:   Dev-Niagara (F2AED0AC-9AFE-416F-8664-AA7FFA26D6FC): 1
LogStreaming: Display: Took  0.000s to delete old logs.
LogInit: Presizing for max 8388607 objects, including 0 objects not considered by GC, pre-allocating 0 bytes for permanent pool.
LogInit: Object subsystem initialized
LogConfig: Setting CVar [[con.DebugEarlyDefault:1]]
LogConfig: Setting CVar [[r.setres:1280x720]]
[2019.01.14-18.38.27:120][  0]LogConfig: Setting CVar [[r.VSync:0]]
[2019.01.14-18.38.27:120][  0]LogConfig: Setting CVar [[r.RHICmdBypass:0]]
[2019.01.14-18.38.27:120][  0]LogConfig: Applying CVar settings from Section [/Script/Engine.RendererSettings] File [C:/Users/VR Admin/Documents/GitHub/missorhit/CHOA_store_final/Saved/Config/Windows/Engine.ini]
[2019.01.14-18.38.27:120][  0]LogConfig: Setting CVar [[r.GPUCrashDebugging:0]]
[2019.01.14-18.38.27:120][  0]LogConfig: Setting CVar [[r.DefaultFeature.AmbientOcclusion:0]]
[2019.01.14-18.38.27:120][  0]LogConfig: Setting CVar [[r.DefaultFeature.AmbientOcclusionStaticFraction:0]]
[2019.01.14-18.38.27:120][  0]LogConfig: Setting CVar [[vr.InstancedStereo:1]]
[2019.01.14-18.38.27:120][  0]LogConfig: Setting CVar [[r.SeparateTranslucency:0]]
[2019.01.14-18.38.27:120][  0]LogConfig: Setting CVar [[r.HZBOcclusion:0]]
[2019.01.14-18.38.27:120][  0]LogConfig: Setting CVar [[r.SSR.MaxRoughness:0]]
[2019.01.14-18.38.27:120][  0]LogConfig: Setting CVar [[r.rhicmdbypass:0]]
[2019.01.14-18.38.27:120][  0]LogConfig: Applying CVar settings from Section [/Script/Engine.RendererOverrideSettings] File [C:/Users/VR Admin/Documents/GitHub/missorhit/CHOA_store_final/Saved/Config/Windows/Engine.ini]
[2019.01.14-18.38.27:120][  0]LogConfig: Applying CVar settings from Section [/Script/Engine.StreamingSettings] File [C:/Users/VR Admin/Documents/GitHub/missorhit/CHOA_store_final/Saved/Config/Windows/Engine.ini]
[2019.01.14-18.38.27:120][  0]LogConfig: Setting CVar [[s.MinBulkDataSizeForAsyncLoading:131072]]
[2019.01.14-18.38.27:121][  0]LogConfig: Setting CVar [[s.AsyncLoadingThreadEnabled:0]]
[2019.01.14-18.38.27:121][  0]LogConfig: Setting CVar [[s.EventDrivenLoaderEnabled:1]]
[2019.01.14-18.38.27:121][  0]LogConfig: Setting CVar [[s.WarnIfTimeLimitExceeded:0]]
[2019.01.14-18.38.27:121][  0]LogConfig: Setting CVar [[s.TimeLimitExceededMultiplier:1.5]]
[2019.01.14-18.38.27:121][  0]LogConfig: Setting CVar [[s.TimeLimitExceededMinTime:0.005]]
[2019.01.14-18.38.27:121][  0]LogConfig: Setting CVar [[s.UseBackgroundLevelStreaming:1]]
[2019.01.14-18.38.27:121][  0]LogConfig: Setting CVar [[s.PriorityAsyncLoadingExtraTime:15.0]]
[2019.01.14-18.38.27:121][  0]LogConfig: Setting CVar [[s.LevelStreamingActorsUpdateTimeLimit:5.0]]
[2019.01.14-18.38.27:121][  0]LogConfig: Setting CVar [[s.PriorityLevelStreamingActorsUpdateExtraTime:5.0]]
[2019.01.14-18.38.27:121][  0]LogConfig: Setting CVar [[s.LevelStreamingComponentsRegistrationGranularity:10]]
[2019.01.14-18.38.27:121][  0]LogConfig: Setting CVar [[s.UnregisterComponentsTimeLimit:1.0]]
[2019.01.14-18.38.27:121][  0]LogConfig: Setting CVar [[s.LevelStreamingComponentsUnregistrationGranularity:5]]
[2019.01.14-18.38.27:121][  0]LogConfig: Applying CVar settings from Section [/Script/Engine.GarbageCollectionSettings] File [C:/Users/VR Admin/Documents/GitHub/missorhit/CHOA_store_final/Saved/Config/Windows/Engine.ini]
[2019.01.14-18.38.27:121][  0]LogConfig: Setting CVar [[gc.MaxObjectsNotConsideredByGC:1]]
[2019.01.14-18.38.27:121][  0]LogConfig: Setting CVar [[gc.SizeOfPermanentObjectPool:0]]
[2019.01.14-18.38.27:121][  0]LogConfig: Setting CVar [[gc.FlushStreamingOnGC:0]]
[2019.01.14-18.38.27:121][  0]LogConfig: Setting CVar [[gc.NumRetriesBeforeForcingGC:10]]
[2019.01.14-18.38.27:121][  0]LogConfig: Setting CVar [[gc.AllowParallelGC:1]]
[2019.01.14-18.38.27:121][  0]LogConfig: Setting CVar [[gc.TimeBetweenPurgingPendingKillObjects:61.1]]
[2019.01.14-18.38.27:121][  0]LogConfig: Setting CVar [[gc.MaxObjectsInEditor:8388607]]
[2019.01.14-18.38.27:121][  0]LogConfig: Setting CVar [[gc.IncrementalBeginDestroyEnabled:1]]
[2019.01.14-18.38.27:121][  0]LogConfig: Setting CVar [[gc.CreateGCClusters:1]]
[2019.01.14-18.38.27:121][  0]LogConfig: Setting CVar [[gc.MergeGCClusters:0]]
[2019.01.14-18.38.27:121][  0]LogConfig: Setting CVar [[gc.MinGCClusterSize:5]]
[2019.01.14-18.38.27:121][  0]LogConfig: Setting CVar [[gc.ActorClusteringEnabled:0]]
[2019.01.14-18.38.27:121][  0]LogConfig: Setting CVar [[gc.BlueprintClusteringEnabled:0]]
[2019.01.14-18.38.27:121][  0]LogConfig: Setting CVar [[gc.UseDisregardForGCOnDedicatedServers:0]]
[2019.01.14-18.38.27:121][  0]LogConfig: Applying CVar settings from Section [/Script/Engine.NetworkSettings] File [C:/Users/VR Admin/Documents/GitHub/missorhit/CHOA_store_final/Saved/Config/Windows/Engine.ini]
[2019.01.14-18.38.27:121][  0]LogConfig: Applying CVar settings from Section [/Script/UnrealEd.CookerSettings] File [C:/Users/VR Admin/Documents/GitHub/missorhit/CHOA_store_final/Saved/Config/Windows/Engine.ini]
[2019.01.14-18.38.27:125][  0]LogConfig: Applying CVar settings from Section [ViewDistanceQuality@3] File [C:/Users/VR Admin/Documents/GitHub/missorhit/CHOA_store_final/Saved/Config/Windows/Scalability.ini]
[2019.01.14-18.38.27:125][  0]LogConfig: Setting CVar [[r.SkeletalMeshLODBias:0]]
[2019.01.14-18.38.27:125][  0]LogConfig: Setting CVar [[r.ViewDistanceScale:1.0]]
[2019.01.14-18.38.27:125][  0]LogConfig: Applying CVar settings from Section [AntiAliasingQuality@3] File [C:/Users/VR Admin/Documents/GitHub/missorhit/CHOA_store_final/Saved/Config/Windows/Scalability.ini]
[2019.01.14-18.38.27:125][  0]LogConfig: Setting CVar [[r.PostProcessAAQuality:3]]
[2019.01.14-18.38.27:125][  0]LogConfig: Applying CVar settings from Section [ShadowQuality@3] File [C:/Users/VR Admin/Documents/GitHub/missorhit/CHOA_store_final/Saved/Config/Windows/Scalability.ini]
[2019.01.14-18.38.27:125][  0]LogConfig: Setting CVar [[r.LightFunctionQuality:1]]
[2019.01.14-18.38.27:125][  0]LogConfig: Setting CVar [[r.ShadowQuality:5]]
[2019.01.14-18.38.27:125][  0]LogConfig: Setting CVar [[r.Shadow.CSM.MaxCascades:10]]
[2019.01.14-18.38.27:125][  0]LogConfig: Setting CVar [[r.Shadow.MaxResolution:2048]]
[2019.01.14-18.38.27:125][  0]LogConfig: Setting CVar [[r.Shadow.MaxCSMResolution:2048]]
[2019.01.14-18.38.27:125][  0]LogConfig: Setting CVar [[r.Shadow.RadiusThreshold:0.01]]
[2019.01.14-18.38.27:125][  0]LogConfig: Setting CVar [[r.Shadow.DistanceScale:1.0]]
[2019.01.14-18.38.27:125][  0]LogConfig: Setting CVar [[r.Shadow.CSM.TransitionScale:1.0]]
[2019.01.14-18.38.27:125][  0]LogConfig: Setting CVar [[r.Shadow.PreShadowResolutionFactor:1.0]]
[2019.01.14-18.38.27:125][  0]LogConfig: Setting CVar [[r.DistanceFieldShadowing:1]]
[2019.01.14-18.38.27:125][  0]LogConfig: Setting CVar [[r.DistanceFieldAO:1]]
[2019.01.14-18.38.27:125][  0]LogConfig: Setting CVar [[r.AOQuality:2]]
[2019.01.14-18.38.27:125][  0]LogConfig: Setting CVar [[r.VolumetricFog:1]]
[2019.01.14-18.38.27:125][  0]LogConfig: Setting CVar [[r.VolumetricFog.GridPixelSize:8]]
[2019.01.14-18.38.27:125][  0]LogConfig: Setting CVar [[r.VolumetricFog.GridSizeZ:128]]
[2019.01.14-18.38.27:125][  0]LogConfig: Setting CVar [[r.VolumetricFog.HistoryMissSupersampleCount:4]]
[2019.01.14-18.38.27:125][  0]LogConfig: Setting CVar [[r.LightMaxDrawDistanceScale:1]]
[2019.01.14-18.38.27:125][  0]LogConfig: Setting CVar [[r.CapsuleShadows:1]]
[2019.01.14-18.38.27:125][  0]LogConfig: Applying CVar settings from Section [PostProcessQuality@3] File [C:/Users/VR Admin/Documents/GitHub/missorhit/CHOA_store_final/Saved/Config/Windows/Scalability.ini]
[2019.01.14-18.38.27:125][  0]LogConfig: Setting CVar [[r.MotionBlurQuality:0]]
[2019.01.14-18.38.27:125][  0]LogConfig: Setting CVar [[r.AmbientOcclusionMipLevelFactor:0.4]]
[2019.01.14-18.38.27:125][  0]LogConfig: Setting CVar [[r.AmbientOcclusionMaxQuality:100]]
[2019.01.14-18.38.27:125][  0]LogConfig: Setting CVar [[r.AmbientOcclusionLevels:0]]
[2019.01.14-18.38.27:125][  0]LogConfig: Setting CVar [[r.AmbientOcclusionRadiusScale:1.0]]
[2019.01.14-18.38.27:125][  0]LogConfig: Setting CVar [[r.DepthOfFieldQuality:0]]
[2019.01.14-18.38.27:125][  0]LogConfig: Setting CVar [[r.RenderTargetPoolMin:400]]
[2019.01.14-18.38.27:125][  0]LogConfig: Setting CVar [[r.LensFlareQuality:0]]
[2019.01.14-18.38.27:125][  0]LogConfig: Setting CVar [[r.SceneColorFringeQuality:0]]
[2019.01.14-18.38.27:125][  0]LogConfig: Setting CVar [[r.EyeAdaptationQuality:2]]
[2019.01.14-18.38.27:125][  0]LogConfig: Setting CVar [[r.BloomQuality:1]]
[2019.01.14-18.38.27:125][  0]LogConfig: Setting CVar [[r.FastBlurThreshold:0]]
[2019.01.14-18.38.27:125][  0]LogConfig: Setting CVar [[r.Upscale.Quality:3]]
[2019.01.14-18.38.27:125][  0]LogConfig: Setting CVar [[r.Tonemapper.GrainQuantization:1]]
[2019.01.14-18.38.27:125][  0]LogConfig: Setting CVar [[r.LightShaftQuality:1]]
[2019.01.14-18.38.27:125][  0]LogConfig: Setting CVar [[r.Filter.SizeScale:1]]
[2019.01.14-18.38.27:125][  0]LogConfig: Setting CVar [[r.Tonemapper.Quality:5]]
[2019.01.14-18.38.27:125][  0]LogConfig: Setting CVar [[r.DOF.Gather.AccumulatorQuality:1        ; higher gathering accumulator quality]]
[2019.01.14-18.38.27:125][  0]LogConfig: Setting CVar [[r.DOF.Gather.PostfilterMethod:1          ; Median3x3 postfilering method]]
[2019.01.14-18.38.27:125][  0]LogConfig: Setting CVar [[r.DOF.Gather.EnableBokehSettings:0       ; no bokeh simulation when gathering]]
[2019.01.14-18.38.27:125][  0]LogConfig: Setting CVar [[r.DOF.Gather.RingCount:4                 ; medium number of samples when gathering]]
[2019.01.14-18.38.27:125][  0]LogConfig: Setting CVar [[r.DOF.Scatter.ForegroundCompositing:1    ; additive foreground scattering]]
[2019.01.14-18.38.27:125][  0]LogConfig: Setting CVar [[r.DOF.Scatter.BackgroundCompositing:2    ; additive background scattering]]
[2019.01.14-18.38.27:125][  0]LogConfig: Setting CVar [[r.DOF.Scatter.EnableBokehSettings:1      ; bokeh simulation when scattering]]
[2019.01.14-18.38.27:125][  0]LogConfig: Setting CVar [[r.DOF.Scatter.MaxSpriteRatio:0.1         ; only a maximum of 10% of scattered bokeh]]
[2019.01.14-18.38.27:125][  0]LogConfig: Setting CVar [[r.DOF.Recombine.Quality:1                ; cheap slight out of focus]]
[2019.01.14-18.38.27:126][  0]LogConfig: Setting CVar [[r.DOF.Recombine.EnableBokehSettings:0    ; no bokeh simulation on slight out of focus]]
[2019.01.14-18.38.27:126][  0]LogConfig: Setting CVar [[r.DOF.TemporalAAQuality:1                ; more stable temporal accumulation]]
[2019.01.14-18.38.27:126][  0]LogConfig: Setting CVar [[r.DOF.Kernel.MaxForegroundRadius:0.025]]
[2019.01.14-18.38.27:126][  0]LogConfig: Setting CVar [[r.DOF.Kernel.MaxBackgroundRadius:0.025]]
[2019.01.14-18.38.27:126][  0]LogConfig: Applying CVar settings from Section [TextureQuality@3] File [C:/Users/VR Admin/Documents/GitHub/missorhit/CHOA_store_final/Saved/Config/Windows/Scalability.ini]
[2019.01.14-18.38.27:126][  0]LogConfig: Setting CVar [[r.Streaming.MipBias:0]]
[2019.01.14-18.38.27:126][  0]LogConfig: Setting CVar [[r.Streaming.AmortizeCPUToGPUCopy:0]]
[2019.01.14-18.38.27:126][  0]LogConfig: Setting CVar [[r.Streaming.MaxNumTexturesToStreamPerFrame:0]]
[2019.01.14-18.38.27:126][  0]LogConfig: Setting CVar [[r.Streaming.Boost:1]]
[2019.01.14-18.38.27:126][  0]LogConfig: Setting CVar [[r.MaxAnisotropy:8]]
[2019.01.14-18.38.27:126][  0]LogConfig: Setting CVar [[r.Streaming.LimitPoolSizeToVRAM:0]]
[2019.01.14-18.38.27:126][  0]LogConfig: Setting CVar [[r.Streaming.PoolSize:1000]]
[2019.01.14-18.38.27:126][  0]LogConfig: Setting CVar [[r.Streaming.MaxEffectiveScreenSize:0]]
[2019.01.14-18.38.27:126][  0]LogConfig: Applying CVar settings from Section [EffectsQuality@3] File [C:/Users/VR Admin/Documents/GitHub/missorhit/CHOA_store_final/Saved/Config/Windows/Scalability.ini]
[2019.01.14-18.38.27:126][  0]LogConfig: Setting CVar [[r.TranslucencyLightingVolumeDim:4]]
[2019.01.14-18.38.27:126][  0]LogConfig: Setting CVar [[r.RefractionQuality:2]]
[2019.01.14-18.38.27:126][  0]LogConfig: Setting CVar [[r.SSR.Quality:0]]
[2019.01.14-18.38.27:126][  0]LogConfig: Setting CVar [[r.SceneColorFormat:2]]
[2019.01.14-18.38.27:126][  0]LogConfig: Setting CVar [[r.DetailMode:2]]
[2019.01.14-18.38.27:126][  0]LogConfig: Setting CVar [[r.TranslucencyVolumeBlur:0]]
[2019.01.14-18.38.27:126][  0]LogConfig: Setting CVar [[r.MaterialQualityLevel:1 ; High quality]]
[2019.01.14-18.38.27:126][  0]LogConfig: Setting CVar [[r.SSS.Scale:1]]
[2019.01.14-18.38.27:126][  0]LogConfig: Setting CVar [[r.SSS.SampleSet:2]]
[2019.01.14-18.38.27:126][  0]LogConfig: Setting CVar [[r.SSS.Quality:1]]
[2019.01.14-18.38.27:126][  0]LogConfig: Setting CVar [[r.SSS.HalfRes:1]]
[2019.01.14-18.38.27:126][  0]LogConfig: Setting CVar [[r.EmitterSpawnRateScale:1.0]]
[2019.01.14-18.38.27:126][  0]LogConfig: Setting CVar [[r.ParticleLightQuality:2]]
[2019.01.14-18.38.27:126][  0]LogConfig: Applying CVar settings from Section [FoliageQuality@3] File [C:/Users/VR Admin/Documents/GitHub/missorhit/CHOA_store_final/Saved/Config/Windows/Scalability.ini]
[2019.01.14-18.38.27:126][  0]LogConfig: Setting CVar [[foliage.DensityScale:1.0]]
[2019.01.14-18.38.27:126][  0]LogConfig: Setting CVar [[grass.DensityScale:1.0]]
[2019.01.14-18.38.27:126][  0]LogInit: Selected Device Profile: [Windows]
[2019.01.14-18.38.27:126][  0]LogInit: Applying CVar settings loaded from the selected device profile: [Windows]
[2019.01.14-18.38.27:156][  0]LogHAL: Display: Platform has ~ 16 GB [17064562688 / 17179869184 / 16], which maps to Larger [LargestMinGB=32, LargerMinGB=12, DefaultMinGB=8, SmallerMinGB=6, SmallestMinGB=0)
[2019.01.14-18.38.27:157][  0]LogConfig: Setting CVar [[r.Vulkan.UseRealUBs:1]]
[2019.01.14-18.38.27:157][  0]LogInit: Going up to parent DeviceProfile []
[2019.01.14-18.38.27:157][  0]LogConfig: Applying CVar settings from Section [ViewDistanceQuality@1] File [C:/Users/VR Admin/Documents/GitHub/missorhit/CHOA_store_final/Saved/Config/Windows/Scalability.ini]
[2019.01.14-18.38.27:157][  0]LogConfig: Setting CVar [[r.SkeletalMeshLODBias:1]]
[2019.01.14-18.38.27:157][  0]LogConfig: Setting CVar [[r.ViewDistanceScale:0.6]]
[2019.01.14-18.38.27:157][  0]LogConfig: Applying CVar settings from Section [AntiAliasingQuality@3] File [C:/Users/VR Admin/Documents/GitHub/missorhit/CHOA_store_final/Saved/Config/Windows/Scalability.ini]
[2019.01.14-18.38.27:157][  0]LogConfig: Setting CVar [[r.PostProcessAAQuality:3]]
[2019.01.14-18.38.27:157][  0]LogConfig: Applying CVar settings from Section [ShadowQuality@3] File [C:/Users/VR Admin/Documents/GitHub/missorhit/CHOA_store_final/Saved/Config/Windows/Scalability.ini]
[2019.01.14-18.38.27:157][  0]LogConfig: Setting CVar [[r.LightFunctionQuality:1]]
[2019.01.14-18.38.27:157][  0]LogConfig: Setting CVar [[r.ShadowQuality:5]]
[2019.01.14-18.38.27:157][  0]LogConfig: Setting CVar [[r.Shadow.CSM.MaxCascades:10]]
[2019.01.14-18.38.27:157][  0]LogConfig: Setting CVar [[r.Shadow.MaxResolution:2048]]
[2019.01.14-18.38.27:157][  0]LogConfig: Setting CVar [[r.Shadow.MaxCSMResolution:2048]]
[2019.01.14-18.38.27:157][  0]LogConfig: Setting CVar [[r.Shadow.RadiusThreshold:0.01]]
[2019.01.14-18.38.27:157][  0]LogConfig: Setting CVar [[r.Shadow.DistanceScale:1.0]]
[2019.01.14-18.38.27:157][  0]LogConfig: Setting CVar [[r.Shadow.CSM.TransitionScale:1.0]]
[2019.01.14-18.38.27:157][  0]LogConfig: Setting CVar [[r.Shadow.PreShadowResolutionFactor:1.0]]
[2019.01.14-18.38.27:157][  0]LogConfig: Setting CVar [[r.DistanceFieldShadowing:1]]
[2019.01.14-18.38.27:157][  0]LogConfig: Setting CVar [[r.DistanceFieldAO:1]]
[2019.01.14-18.38.27:157][  0]LogConfig: Setting CVar [[r.AOQuality:2]]
[2019.01.14-18.38.27:157][  0]LogConfig: Setting CVar [[r.VolumetricFog:1]]
[2019.01.14-18.38.27:157][  0]LogConfig: Setting CVar [[r.VolumetricFog.GridPixelSize:8]]
[2019.01.14-18.38.27:157][  0]LogConfig: Setting CVar [[r.VolumetricFog.GridSizeZ:128]]
[2019.01.14-18.38.27:157][  0]LogConfig: Setting CVar [[r.VolumetricFog.HistoryMissSupersampleCount:4]]
[2019.01.14-18.38.27:157][  0]LogConfig: Setting CVar [[r.LightMaxDrawDistanceScale:1]]
[2019.01.14-18.38.27:157][  0]LogConfig: Setting CVar [[r.CapsuleShadows:1]]
[2019.01.14-18.38.27:157][  0]LogConfig: Applying CVar settings from Section [PostProcessQuality@2] File [C:/Users/VR Admin/Documents/GitHub/missorhit/CHOA_store_final/Saved/Config/Windows/Scalability.ini]
[2019.01.14-18.38.27:157][  0]LogConfig: Setting CVar [[r.MotionBlurQuality:0]]
[2019.01.14-18.38.27:157][  0]LogConfig: Setting CVar [[r.AmbientOcclusionMipLevelFactor:0.6]]
[2019.01.14-18.38.27:157][  0]LogConfig: Setting CVar [[r.AmbientOcclusionMaxQuality:100]]
[2019.01.14-18.38.27:157][  0]LogConfig: Setting CVar [[r.AmbientOcclusionLevels:0]]
[2019.01.14-18.38.27:157][  0]LogConfig: Setting CVar [[r.AmbientOcclusionRadiusScale:1.5]]
[2019.01.14-18.38.27:157][  0]LogConfig: Setting CVar [[r.DepthOfFieldQuality:0]]
[2019.01.14-18.38.27:157][  0]LogConfig: Setting CVar [[r.RenderTargetPoolMin:400]]
[2019.01.14-18.38.27:157][  0]LogConfig: Setting CVar [[r.LensFlareQuality:0]]
[2019.01.14-18.38.27:157][  0]LogConfig: Setting CVar [[r.SceneColorFringeQuality:0]]
[2019.01.14-18.38.27:157][  0]LogConfig: Setting CVar [[r.EyeAdaptationQuality:2]]
[2019.01.14-18.38.27:157][  0]LogConfig: Setting CVar [[r.BloomQuality:1]]
[2019.01.14-18.38.27:157][  0]LogConfig: Setting CVar [[r.FastBlurThreshold:0]]
[2019.01.14-18.38.27:157][  0]LogConfig: Setting CVar [[r.Upscale.Quality:2]]
[2019.01.14-18.38.27:157][  0]LogConfig: Setting CVar [[r.Tonemapper.GrainQuantization:1]]
[2019.01.14-18.38.27:157][  0]LogConfig: Setting CVar [[r.LightShaftQuality:1]]
[2019.01.14-18.38.27:157][  0]LogConfig: Setting CVar [[r.Filter.SizeScale:0.8]]
[2019.01.14-18.38.27:157][  0]LogConfig: Setting CVar [[r.Tonemapper.Quality:5]]
[2019.01.14-18.38.27:157][  0]LogConfig: Setting CVar [[r.DOF.Gather.AccumulatorQuality:0        ; lower gathering accumulator quality]]
[2019.01.14-18.38.27:157][  0]LogConfig: Setting CVar [[r.DOF.Gather.PostfilterMethod:2          ; Max3x3 postfilering method]]
[2019.01.14-18.38.27:157][  0]LogConfig: Setting CVar [[r.DOF.Gather.EnableBokehSettings:0       ; no bokeh simulation when gathering]]
[2019.01.14-18.38.27:157][  0]LogConfig: Setting CVar [[r.DOF.Gather.RingCount:4                 ; medium number of samples when gathering]]
[2019.01.14-18.38.27:157][  0]LogConfig: Setting CVar [[r.DOF.Scatter.ForegroundCompositing:1    ; additive foreground scattering]]
[2019.01.14-18.38.27:157][  0]LogConfig: Setting CVar [[r.DOF.Scatter.BackgroundCompositing:1    ; no background occlusion]]
[2019.01.14-18.38.27:157][  0]LogConfig: Setting CVar [[r.DOF.Scatter.EnableBokehSettings:0      ; no bokeh simulation when scattering]]
[2019.01.14-18.38.27:157][  0]LogConfig: Setting CVar [[r.DOF.Scatter.MaxSpriteRatio:0.04        ; only a maximum of 4% of scattered bokeh]]
[2019.01.14-18.38.27:157][  0]LogConfig: Setting CVar [[r.DOF.Recombine.Quality:0                ; no slight out of focus]]
[2019.01.14-18.38.27:157][  0]LogConfig: Setting CVar [[r.DOF.TemporalAAQuality:0                ; faster temporal accumulation]]
[2019.01.14-18.38.27:157][  0]LogConfig: Setting CVar [[r.DOF.Kernel.MaxForegroundRadius:0.012   ; required because of AccumulatorQuality=0]]
[2019.01.14-18.38.27:157][  0]LogConfig: Setting CVar [[r.DOF.Kernel.MaxBackgroundRadius:0.012   ; required because of AccumulatorQuality=0]]
[2019.01.14-18.38.27:157][  0]LogConfig: Applying CVar settings from Section [TextureQuality@3] File [C:/Users/VR Admin/Documents/GitHub/missorhit/CHOA_store_final/Saved/Config/Windows/Scalability.ini]
[2019.01.14-18.38.27:157][  0]LogConfig: Setting CVar [[r.Streaming.MipBias:0]]
[2019.01.14-18.38.27:157][  0]LogConfig: Setting CVar [[r.Streaming.AmortizeCPUToGPUCopy:0]]
[2019.01.14-18.38.27:157][  0]LogConfig: Setting CVar [[r.Streaming.MaxNumTexturesToStreamPerFrame:0]]
[2019.01.14-18.38.27:157][  0]LogConfig: Setting CVar [[r.Streaming.Boost:1]]
[2019.01.14-18.38.27:157][  0]LogConfig: Setting CVar [[r.MaxAnisotropy:8]]
[2019.01.14-18.38.27:157][  0]LogConfig: Setting CVar [[r.Streaming.LimitPoolSizeToVRAM:0]]
[2019.01.14-18.38.27:157][  0]LogConfig: Setting CVar [[r.Streaming.PoolSize:1000]]
[2019.01.14-18.38.27:157][  0]LogConfig: Setting CVar [[r.Streaming.MaxEffectiveScreenSize:0]]
[2019.01.14-18.38.27:157][  0]LogConfig: Applying CVar settings from Section [EffectsQuality@3] File [C:/Users/VR Admin/Documents/GitHub/missorhit/CHOA_store_final/Saved/Config/Windows/Scalability.ini]
[2019.01.14-18.38.27:158][  0]LogConfig: Setting CVar [[r.TranslucencyLightingVolumeDim:4]]
[2019.01.14-18.38.27:158][  0]LogConfig: Setting CVar [[r.RefractionQuality:2]]
[2019.01.14-18.38.27:158][  0]LogConfig: Setting CVar [[r.SSR.Quality:0]]
[2019.01.14-18.38.27:158][  0]LogConfig: Setting CVar [[r.SceneColorFormat:2]]
[2019.01.14-18.38.27:158][  0]LogConfig: Setting CVar [[r.DetailMode:2]]
[2019.01.14-18.38.27:158][  0]LogConfig: Setting CVar [[r.TranslucencyVolumeBlur:0]]
[2019.01.14-18.38.27:158][  0]LogConfig: Setting CVar [[r.MaterialQualityLevel:1 ; High quality]]
[2019.01.14-18.38.27:158][  0]LogConfig: Setting CVar [[r.SSS.Scale:1]]
[2019.01.14-18.38.27:158][  0]LogConfig: Setting CVar [[r.SSS.SampleSet:2]]
[2019.01.14-18.38.27:158][  0]LogConfig: Setting CVar [[r.SSS.Quality:1]]
[2019.01.14-18.38.27:158][  0]LogConfig: Setting CVar [[r.SSS.HalfRes:1]]
[2019.01.14-18.38.27:158][  0]LogConfig: Setting CVar [[r.EmitterSpawnRateScale:1.0]]
[2019.01.14-18.38.27:158][  0]LogConfig: Setting CVar [[r.ParticleLightQuality:2]]
[2019.01.14-18.38.27:158][  0]LogConfig: Applying CVar settings from Section [FoliageQuality@0] File [C:/Users/VR Admin/Documents/GitHub/missorhit/CHOA_store_final/Saved/Config/Windows/Scalability.ini]
[2019.01.14-18.38.27:158][  0]LogConfig: Setting CVar [[foliage.DensityScale:0]]
[2019.01.14-18.38.27:158][  0]LogConfig: Setting CVar [[grass.DensityScale:0]]
[2019.01.14-18.38.27:158][  0]LogConfig: Applying CVar settings from Section [Startup] File [../../../Engine/Config/ConsoleVariables.ini]
[2019.01.14-18.38.27:191][  0]LogConfig: Setting CVar [[net.UseAdaptiveNetUpdateFrequency:0]]
[2019.01.14-18.38.27:191][  0]LogConfig: Applying CVar settings from Section [ConsoleVariables] File [C:/Users/VR Admin/Documents/GitHub/missorhit/CHOA_store_final/Saved/Config/Windows/Engine.ini]
[2019.01.14-18.38.27:191][  0]LogInit: Computer: VR-MACHINE-3
[2019.01.14-18.38.27:191][  0]LogInit: User: VRAdmin
[2019.01.14-18.38.27:191][  0]LogInit: CPU Page size=4096, Cores=6
[2019.01.14-18.38.27:191][  0]LogInit: High frequency timer resolution =3.312643 MHz
[2019.01.14-18.38.27:191][  0]LogMemory: Memory total: Physical=15.9GB (16GB approx)
[2019.01.14-18.38.27:191][  0]LogMemory: Platform Memory Stats for Windows
[2019.01.14-18.38.27:191][  0]LogMemory: Process Physical Memory: 103.16 MB used, 103.16 MB peak
[2019.01.14-18.38.27:191][  0]LogMemory: Process Virtual Memory: 86.11 MB used, 86.11 MB peak
[2019.01.14-18.38.27:191][  0]LogMemory: Physical Memory: 7588.22 MB used,  8685.81 MB free, 16274.04 MB total
[2019.01.14-18.38.27:191][  0]LogMemory: Virtual Memory: 4660.23 MB used,  134213064.00 MB free, 134217728.00 MB total
[2019.01.14-18.38.27:669][  0]LogInit: Using OS detected language (en-US).
[2019.01.14-18.38.27:669][  0]LogInit: Using OS detected locale (en-US).
[2019.01.14-18.38.27:670][  0]LogTextLocalizationManager: No specific localization for 'en-US' exists, so the 'en' localization will be used.
[2019.01.14-18.38.28:263][  0]LogStreaming: Display: Took  0.594s to InitEngineTextLocalization.
[2019.01.14-18.38.28:263][  0]LogInit: Setting process to per monitor DPI aware
[2019.01.14-18.38.28:470][  0]LogSlate: New Slate User Created.  User Index 0, Is Virtual User: 0
[2019.01.14-18.38.28:470][  0]LogSlate: Slate User Registered.  User Index 0, Is Virtual User: 0
[2019.01.14-18.38.33:673][  0]LogHMD: Failed to initialize OpenVR with code 117
[2019.01.14-18.38.33:674][  0]LogD3D11RHI: D3D11 adapters:
[2019.01.14-18.38.33:742][  0]LogD3D11RHI:    0. 'NVIDIA GeForce GTX 1080' (Feature Level 11_0)
[2019.01.14-18.38.33:742][  0]LogD3D11RHI:       8079/0/8137 MB DedicatedVideo/DedicatedSystem/SharedSystem, Outputs:1, VendorId:0x10de
[2019.01.14-18.38.33:745][  0]LogD3D11RHI:    1. 'Microsoft Basic Render Driver' (Feature Level 11_0)
[2019.01.14-18.38.33:745][  0]LogD3D11RHI:       0/0/8137 MB DedicatedVideo/DedicatedSystem/SharedSystem, Outputs:0, VendorId:0x1414
[2019.01.14-18.38.33:745][  0]LogD3D11RHI: Chosen D3D11 Adapter: 0
[2019.01.14-18.38.33:757][  0]LogD3D11RHI: Creating new Direct3DDevice
[2019.01.14-18.38.33:757][  0]LogD3D11RHI:     GPU DeviceId: 0x1b80 (for the marketing name, search the web for "GPU Device Id")
[2019.01.14-18.38.33:757][  0]LogWindows: EnumDisplayDevices:
[2019.01.14-18.38.33:757][  0]LogWindows:    0. 'NVIDIA GeForce GTX 1080' (P:1 D:1)
[2019.01.14-18.38.33:758][  0]LogWindows:    1. 'NVIDIA GeForce GTX 1080' (P:0 D:0)
[2019.01.14-18.38.33:758][  0]LogWindows:    2. 'NVIDIA GeForce GTX 1080' (P:0 D:0)
[2019.01.14-18.38.33:759][  0]LogWindows:    3. 'NVIDIA GeForce GTX 1080' (P:0 D:0)
[2019.01.14-18.38.33:759][  0]LogWindows: DebugString: FoundDriverCount:4 
[2019.01.14-18.38.33:759][  0]LogD3D11RHI:     Adapter Name: NVIDIA GeForce GTX 1080
[2019.01.14-18.38.33:759][  0]LogD3D11RHI:   Driver Version: 417.35 (internal:25.21.14.1735, unified:417.35)
[2019.01.14-18.38.33:759][  0]LogD3D11RHI:      Driver Date: 12-11-2018
[2019.01.14-18.38.33:759][  0]LogRHI: Texture pool is 5655 MB (70% of 8079 MB)
[2019.01.14-18.38.33:840][  0]LogD3D11RHI: Async texture creation enabled
[2019.01.14-18.38.33:868][  0]LogD3D11RHI: GPU Timing Frequency: 1000.000000 (Debug: 2 2)
[2019.01.14-18.38.34:366][  0]LogTemp: Display: Loaded TP AllDesktopTargetPlatform
[2019.01.14-18.38.34:382][  0]LogTemp: Display: Loaded TP MacClientTargetPlatform
[2019.01.14-18.38.34:396][  0]LogTemp: Display: Loaded TP MacNoEditorTargetPlatform
[2019.01.14-18.38.34:411][  0]LogTemp: Display: Loaded TP MacServerTargetPlatform
[2019.01.14-18.38.34:449][  0]LogTemp: Display: Loaded TP MacTargetPlatform
[2019.01.14-18.38.34:464][  0]LogTemp: Display: Loaded TP WindowsClientTargetPlatform
[2019.01.14-18.38.34:478][  0]LogTemp: Display: Loaded TP WindowsNoEditorTargetPlatform
[2019.01.14-18.38.34:494][  0]LogTemp: Display: Loaded TP WindowsServerTargetPlatform
[2019.01.14-18.38.34:503][  0]LogTemp: Display: Loaded TP WindowsTargetPlatform
[2019.01.14-18.38.34:607][  0]LogTemp: Display: Loaded TP AndroidTargetPlatform
[2019.01.14-18.38.34:607][  0]LogTemp: Display: Loaded TP AndroidTargetPlatform
[2019.01.14-18.38.34:607][  0]LogTemp: Display: Loaded TP AndroidTargetPlatform
[2019.01.14-18.38.34:607][  0]LogTemp: Display: Loaded TP AndroidTargetPlatform
[2019.01.14-18.38.34:607][  0]LogTemp: Display: Loaded TP AndroidTargetPlatform
[2019.01.14-18.38.34:607][  0]LogTemp: Display: Loaded TP AndroidTargetPlatform
[2019.01.14-18.38.34:607][  0]LogTemp: Display: Loaded TP AndroidTargetPlatform
[2019.01.14-18.38.34:607][  0]LogTemp: Display: Loaded TP AndroidTargetPlatform
[2019.01.14-18.38.34:607][  0]LogTemp: Display: Loaded TP AndroidTargetPlatform
[2019.01.14-18.38.34:607][  0]LogTemp: Display: Loaded TP AndroidTargetPlatform
[2019.01.14-18.38.34:607][  0]LogTemp: Display: Loaded TP AndroidTargetPlatform
[2019.01.14-18.38.34:607][  0]LogTemp: Display: Loaded TP AndroidTargetPlatform
[2019.01.14-18.38.34:607][  0]LogTemp: Display: Loaded TP AndroidTargetPlatform
[2019.01.14-18.38.34:607][  0]LogTemp: Display: Loaded TP AndroidTargetPlatform
[2019.01.14-18.38.34:607][  0]LogTemp: Display: Loaded TP AndroidTargetPlatform
[2019.01.14-18.38.34:607][  0]LogTemp: Display: Loaded TP AndroidTargetPlatform
[2019.01.14-18.38.34:607][  0]LogTemp: Display: Loaded TP AndroidTargetPlatform
[2019.01.14-18.38.34:607][  0]LogTemp: Display: Loaded TP AndroidTargetPlatform
[2019.01.14-18.38.34:609][  0]LogTemp: Display: Loaded TP HTML5TargetPlatform
[2019.01.14-18.38.34:722][  0]LogTemp: Display: Loaded TP IOSTargetPlatform
[2019.01.14-18.38.34:722][  0]LogTemp: Display: Loaded TP IOSTargetPlatform
[2019.01.14-18.38.34:748][  0]LogTemp: Display: Loaded TP TVOSTargetPlatform
[2019.01.14-18.38.34:748][  0]LogTemp: Display: Loaded TP TVOSTargetPlatform
[2019.01.14-18.38.34:761][  0]LogTemp: Display: Loaded TP LinuxClientTargetPlatform
[2019.01.14-18.38.34:774][  0]LogTemp: Display: Loaded TP LinuxNoEditorTargetPlatform
[2019.01.14-18.38.34:788][  0]LogTemp: Display: Loaded TP LinuxServerTargetPlatform
[2019.01.14-18.38.34:816][  0]LogTemp: Display: Loaded TP LinuxTargetPlatform
[2019.01.14-18.38.34:868][  0]LogTemp: Display: Loaded TP LuminTargetPlatform
[2019.01.14-18.38.34:868][  0]LogTemp: Display: Loaded TP LuminTargetPlatform
[2019.01.14-18.38.34:868][  0]LogTargetPlatformManager: Display: Building Assets For Windows
[2019.01.14-18.38.35:099][  0]LogShaderCompilers: Guid format shader working directory is -28 characters bigger than the processId version (../../../../../../Users/VR Admin/Documents/GitHub/missorhit/CHOA_store_final/Intermediate/Shaders/WorkingDirectory/11124/).
[2019.01.14-18.38.35:099][  0]LogShaderCompilers: Cleaned the shader compiler working directory 'C:/Users/VR Admin/AppData/Local/Temp/UnrealShaderWorkingDir/9430A39D40210C114B24BE98A62666F5/'.
[2019.01.14-18.38.35:103][  0]LogXGEController: Cannot use XGE Controller as Incredibuild is not installed on this machine.
[2019.01.14-18.38.35:103][  0]LogShaderCompilers: Cannot use XGE Shader Compiler as Incredibuild is not installed on this machine.
[2019.01.14-18.38.35:103][  0]LogShaderCompilers: Display: Using Local Shader Compiler.
[2019.01.14-18.38.37:286][  0]LogDerivedDataCache: Display: Max Cache Size: 512 MB
[2019.01.14-18.38.37:661][  0]LogDerivedDataCache: Loaded boot cache 0.38s 85MB C:/Users/VR Admin/AppData/Local/UnrealEngine/4.21/DerivedDataCache/Boot.ddc.
[2019.01.14-18.38.37:661][  0]LogDerivedDataCache: Display: Loaded Boot cache: C:/Users/VR Admin/AppData/Local/UnrealEngine/4.21/DerivedDataCache/Boot.ddc
[2019.01.14-18.38.37:661][  0]LogDerivedDataCache: FDerivedDataBackendGraph:  Pak pak cache file ../../../../../../Users/VR Admin/Documents/GitHub/missorhit/CHOA_store_final/DerivedDataCache/DDC.ddp not found, will not use a pak cache.
[2019.01.14-18.38.37:661][  0]LogDerivedDataCache: Unable to find inner node Pak for hierarchical cache Hierarchy.
[2019.01.14-18.38.37:661][  0]LogDerivedDataCache: FDerivedDataBackendGraph:  CompressedPak pak cache file ../../../../../../Users/VR Admin/Documents/GitHub/missorhit/CHOA_store_final/DerivedDataCache/Compressed.ddp not found, will not use a pak cache.
[2019.01.14-18.38.37:661][  0]LogDerivedDataCache: Unable to find inner node CompressedPak for hierarchical cache Hierarchy.
[2019.01.14-18.38.37:754][  0]LogDerivedDataCache: Display: Pak cache opened for reading ../../../Engine/DerivedDataCache/Compressed.ddp.
[2019.01.14-18.38.37:754][  0]LogDerivedDataCache: FDerivedDataBackendGraph:  EnterprisePak pak cache file ../../../Enterprise/DerivedDataCache/Compressed.ddp not found, will not use a pak cache.
[2019.01.14-18.38.37:754][  0]LogDerivedDataCache: Unable to find inner node EnterprisePak for hierarchical cache Hierarchy.
[2019.01.14-18.38.37:766][  0]LogDerivedDataCache: Using Local data cache path C:/Users/VR Admin/AppData/Local/UnrealEngine/Common/DerivedDataCache: Writable
[2019.01.14-18.38.37:766][  0]LogDerivedDataCache: Shared data cache path not found in *engine.ini, will not use an Shared cache.
[2019.01.14-18.38.37:766][  0]LogDerivedDataCache: Unable to find inner node Shared for hierarchical cache Hierarchy.
[2019.01.14-18.38.37:789][  0]LogMaterial: Verifying Global Shaders for PCD3D_SM5
[2019.01.14-18.38.37:791][  0]LogSlate: Using FreeType 2.6.0
[2019.01.14-18.38.37:816][  0]LogSlate: SlateFontServices - WITH_FREETYPE: 1, WITH_HARFBUZZ: 1
[2019.01.14-18.38.39:630][  0]LogAssetRegistry: FAssetRegistry took 0.1023 seconds to start up
[2019.01.14-18.38.39:978][  0]LogInit: Selected Device Profile: [Windows]
[2019.01.14-18.38.40:398][  0]LogSimplygon: Simplygon DLL not present - disabling.
[2019.01.14-18.38.40:405][  0]LogMeshReduction: Using SimplygonSwarm for distributed automatic mesh merging
[2019.01.14-18.38.40:405][  0]LogMeshReduction: Using ProxyLODMeshReduction for automatic mesh merging
[2019.01.14-18.38.40:405][  0]LogMeshReduction: Using QuadricMeshReduction for automatic static mesh reduction
[2019.01.14-18.38.40:405][  0]LogMeshReduction: No automatic skeletal mesh reduction module available
[2019.01.14-18.38.40:436][  0]LogNetVersion: CHOA_store_final 1.0.0, NetCL: 4541578, EngineNetVer: 5, GameNetVer: 0 (Checksum: 2521883780)
[2019.01.14-18.38.41:712][  0]LogPackageLocalizationCache: Processed 11 localized package path(s) for 2 prioritized culture(s) in 0.115355 seconds
[2019.01.14-18.38.41:718][  0]LogUObjectArray: 39775 objects as part of root set at end of initial load.
[2019.01.14-18.38.41:719][  0]LogUObjectAllocator: 6914656 out of 0 bytes used by permanent object pool.
[2019.01.14-18.38.41:719][  0]LogUObjectArray: CloseDisregardForGC: 0/0 objects in disregard for GC pool
[2019.01.14-18.39.17:821][  0]LogTcpMessaging: Initializing TcpMessaging bridge
[2019.01.14-18.39.17:834][  0]LogUdpMessaging: Initializing bridge on interface 0.0.0.0:0 to multicast group 230.0.0.1:6666.
[2019.01.14-18.39.33:823][  0]SourceControl: Source control is disabled
[2019.01.14-18.39.33:823][  0]SourceControl: Source control is disabled
[2019.01.14-18.39.33:824][  0]SourceControl: Source control is disabled
[2019.01.14-18.39.33:825][  0]SourceControl: Source control is disabled
[2019.01.14-18.39.34:140][  0]LogAndroidPermission: UAndroidPermissionCallbackProxy::GetInstance
[2019.01.14-18.39.34:334][  0]LogOcInput: OculusInput pre-init called
[2019.01.14-18.39.34:517][  0]LogEngine: Initializing Engine...
[2019.01.14-18.39.34:636][  0]LogHMD: Failed to initialize OpenVR with code 117
[2019.01.14-18.39.34:648][  0]LogStats: UGameplayTagsManager::ConstructGameplayTagTree: ImportINI prefixes -  0.000 s
[2019.01.14-18.39.34:648][  0]LogStats: UGameplayTagsManager::ConstructGameplayTagTree: Construct from data asset -  0.000 s
[2019.01.14-18.39.34:648][  0]LogStats: UGameplayTagsManager::ConstructGameplayTagTree: ImportINI -  0.000 s
[2019.01.14-18.39.34:648][  0]LogStats: UGameplayTagsManager::ConstructGameplayTagTree: GameplayTagTreeChangedEvent.Broadcast -  0.000 s
[2019.01.14-18.39.34:913][  0]LogInit: Initializing FReadOnlyCVARCache
[2019.01.14-18.39.34:938][  0]LogAIModule: Creating AISystem for world Untitled
[2019.01.14-18.39.35:079][  0]LogInit: XAudio2 using 'Speakers (HTC Vive)' : 2 channels at 44.1 kHz using 16 bits per sample (channel mask 0x3)
[2019.01.14-18.39.35:120][  0]LogInit: FAudioDevice initialized.
[2019.01.14-18.39.35:120][  0]LogNetVersion: Set ProjectVersion to 1.0.0.0. Version Checksum will be recalculated on next use.
[2019.01.14-18.39.35:322][  0]LogDerivedDataCache: Saved boot cache 0.20s 85MB C:/Users/VR Admin/AppData/Local/UnrealEngine/4.21/DerivedDataCache/Boot.ddc.
[2019.01.14-18.39.35:346][  0]LogInit: Texture streaming: Enabled
[2019.01.14-18.39.35:380][  0]LogEngineSessionManager: EngineSessionManager initialized
[2019.01.14-18.39.35:444][  0]LogInit: Transaction tracking system initialized
[2019.01.14-18.39.35:484][  0]BlueprintLog: New page: Editor Load
[2019.01.14-18.39.35:660][  0]LocalizationService: Localization service is disabled
[2019.01.14-18.39.37:287][  0]LogFileCache: Scanning file cache for directory 'C:/Users/VR Admin/Documents/GitHub/missorhit/CHOA_store_final/Content/' took 0.04s
[2019.01.14-18.39.37:287][  0]LogCook: Display: Max memory allowance for cook 16384mb min free memory 0mb
[2019.01.14-18.39.37:287][  0]LogCook: Display: Mobile HDR setting 1
[2019.01.14-18.39.37:287][  0]LogGameplayTags: Display: UGameplayTagsManager::DoneAddingNativeTags. DelegateIsBound: 0
[2019.01.14-18.39.37:287][  0]LogStats: UGameplayTagsManager::ConstructGameplayTagTree: ImportINI prefixes -  0.000 s
[2019.01.14-18.39.37:287][  0]LogStats: UGameplayTagsManager::ConstructGameplayTagTree: Construct from data asset -  0.000 s
[2019.01.14-18.39.37:287][  0]LogStats: UGameplayTagsManager::ConstructGameplayTagTree: ImportINI -  0.000 s
[2019.01.14-18.39.37:287][  0]LogStats: UGameplayTagsManager::ConstructGameplayTagTree: GameplayTagTreeChangedEvent.Broadcast -  0.000 s
[2019.01.14-18.39.37:916][  0]SourceControl: Source control is disabled
[2019.01.14-18.39.37:916][  0]Cmd: MAP LOAD FILE="../../../../../../Users/VR Admin/Documents/GitHub/missorhit/CHOA_store_final/Content/VirtualRealityBP/Maps/StartupMap.umap" TEMPLATE=0 SHOWPROGRESS=1 FEATURELEVEL=3
[2019.01.14-18.39.37:916][  0]LightingResults: New page: Lighting Build
[2019.01.14-18.39.37:921][  0]MapCheck: New page: Map Check
[2019.01.14-18.39.37:921][  0]LightingResults: New page: Lighting Build
[2019.01.14-18.39.37:968][  0]LogLinker: Warning: Can't find file '/Game/VirtualRealityBP/Maps/StartupMap_BuiltData'
[2019.01.14-18.39.37:969][  0]LogLinker: Warning: Can't find file for asset '/Game/VirtualRealityBP/Maps/StartupMap_BuiltData' while loading ../../../../../../Users/VR Admin/Documents/GitHub/missorhit/CHOA_store_final/Content/VirtualRealityBP/Maps/StartupMap.umap.
[2019.01.14-18.39.37:969][  0]LoadErrors: Error: /Game/VirtualRealityBP/Maps/StartupMap : Can't find file for asset. /Game/VirtualRealityBP/Maps/StartupMap_BuiltData
[2019.01.14-18.39.38:069][  0]LogLinker: Warning: Can't find file '/Game/VirtualRealityBP/Maps/StartupMap_BuiltData'
[2019.01.14-18.39.38:069][  0]LogLinker: Warning: Can't find file for asset '/Game/VirtualRealityBP/Maps/StartupMap_BuiltData' while loading ../../../../../../Users/VR Admin/Documents/GitHub/missorhit/CHOA_store_final/Content/VirtualRealityBP/Maps/StartupMap.umap.
[2019.01.14-18.39.38:069][  0]LoadErrors: Error: /Game/VirtualRealityBP/Maps/StartupMap : Can't find file for asset. /Game/VirtualRealityBP/Maps/StartupMap_BuiltData
[2019.01.14-18.39.38:072][  0]LogLinker: Warning: Can't find file '/Game/VirtualRealityBP/Maps/StartupMap_BuiltData'
[2019.01.14-18.39.38:072][  0]LogLinker: Warning: Can't find file for asset '/Game/VirtualRealityBP/Maps/StartupMap_BuiltData' while loading NULL.
[2019.01.14-18.39.38:072][  0]LogLinker: Warning: Can't find file '/Game/VirtualRealityBP/Maps/StartupMap_BuiltData'
[2019.01.14-18.39.38:072][  0]LogLinker: Warning: Can't find file for asset '/Game/VirtualRealityBP/Maps/StartupMap_BuiltData' while loading NULL.
[2019.01.14-18.39.38:091][  0]LogLinker: Warning: Can't find file '/Game/VirtualRealityBP/Maps/StartupMap_BuiltData'
[2019.01.14-18.39.38:091][  0]LoadErrors: Failed to load /Game/VirtualRealityBP/Maps/StartupMap_BuiltData.StartupMap_BuiltData Referenced by PersistentLevel
[2019.01.14-18.39.38:091][  0]LogLinker: Warning: Can't find file for asset '/Game/VirtualRealityBP/Maps/StartupMap_BuiltData' while loading NULL.
[2019.01.14-18.39.38:091][  0]LoadErrors: Failed to load /Game/VirtualRealityBP/Maps/StartupMap_BuiltData.StartupMap_BuiltData Referenced by PersistentLevel
[2019.01.14-18.39.38:133][  0]LogAIModule: Creating AISystem for world StartupMap
[2019.01.14-18.39.38:140][  0]LogEditorServer: Finished looking for orphan Actors (0.000 secs)
[2019.01.14-18.39.38:167][  0]Cmd: MAP CHECKDEP NOCLEARLOG
[2019.01.14-18.39.38:168][  0]MapCheck: Map check complete: 0 Error(s), 0 Warning(s), took 0.247ms to complete.
[2019.01.14-18.39.38:168][  0]LogFileHelpers: Loading map 'StartupMap' took 0.252
[2019.01.14-18.39.38:385][  0]LogSlate: Updating window title bar state: overlay mode, drag disabled, window buttons hidden, title bar hidden
[2019.01.14-18.39.38:392][  0]LogSlate: Updating window title bar state: overlay mode, drag disabled, window buttons hidden, title bar hidden
[2019.01.14-18.39.38:399][  0]LogSlate: Updating window title bar state: overlay mode, drag disabled, window buttons hidden, title bar hidden
[2019.01.14-18.39.38:405][  0]LogSlate: Updating window title bar state: overlay mode, drag disabled, window buttons hidden, title bar hidden
[2019.01.14-18.39.38:419][  0]LogCollectionManager: Loaded 0 collections in 0.002818 seconds
[2019.01.14-18.39.38:465][  0]LogFileCache: Scanning file cache for directory 'C:/Users/VR Admin/Documents/GitHub/missorhit/CHOA_store_final/Saved/Collections/' took 0.01s
[2019.01.14-18.39.38:465][  0]LogFileCache: Scanning file cache for directory 'C:/Users/VR Admin/Documents/GitHub/missorhit/CHOA_store_final/Content/Developers/VRAdmin/Collections/' took 0.01s
[2019.01.14-18.39.38:465][  0]LogFileCache: Scanning file cache for directory 'C:/Users/VR Admin/Documents/GitHub/missorhit/CHOA_store_final/Content/Collections/' took 0.01s
[2019.01.14-18.39.38:465][  0]LogCollectionManager: Rebuilt the GUID cache for 0 collections in 0.000000 seconds
[2019.01.14-18.39.38:474][  0]LogContentBrowser: Native class hierarchy populated in 0.0089 seconds. Added 2651 classes and 620 folders.
[2019.01.14-18.39.38:483][  0]LogContentBrowser: Native class hierarchy updated for 'WidgetCarousel' in 0.0002 seconds. Added 0 classes and 0 folders.
[2019.01.14-18.39.38:547][  0]LogPakFile: Registered encryption key '00000000000000000000000000000000': 0 pak files mounted, 0 remain pending
[2019.01.14-18.39.38:554][  0]LogPakFile: Registered encryption key '00000000000000000000000000000000': 0 pak files mounted, 0 remain pending
[2019.01.14-18.39.38:577][  0]LogPakFile: Registered encryption key '00000000000000000000000000000000': 0 pak files mounted, 0 remain pending
[2019.01.14-18.39.38:599][  0]LogPakFile: Registered encryption key '00000000000000000000000000000000': 0 pak files mounted, 0 remain pending
[2019.01.14-18.39.38:604][  0]LogPakFile: Registered encryption key '00000000000000000000000000000000': 0 pak files mounted, 0 remain pending
[2019.01.14-18.39.38:608][  0]LogPakFile: Registered encryption key '00000000000000000000000000000000': 0 pak files mounted, 0 remain pending
[2019.01.14-18.39.38:613][  0]LogPakFile: Registered encryption key '00000000000000000000000000000000': 0 pak files mounted, 0 remain pending
[2019.01.14-18.39.38:617][  0]LogPakFile: Registered encryption key '00000000000000000000000000000000': 0 pak files mounted, 0 remain pending
[2019.01.14-18.39.38:623][  0]LogPakFile: Registered encryption key '00000000000000000000000000000000': 0 pak files mounted, 0 remain pending
[2019.01.14-18.39.38:628][  0]LogPakFile: Registered encryption key '00000000000000000000000000000000': 0 pak files mounted, 0 remain pending
[2019.01.14-18.39.38:651][  0]LogPakFile: Registered encryption key '00000000000000000000000000000000': 0 pak files mounted, 0 remain pending
[2019.01.14-18.39.38:655][  0]LogPakFile: Registered encryption key '00000000000000000000000000000000': 0 pak files mounted, 0 remain pending
[2019.01.14-18.39.38:659][  0]LogPakFile: Registered encryption key '00000000000000000000000000000000': 0 pak files mounted, 0 remain pending
[2019.01.14-18.39.38:663][  0]LogPakFile: Registered encryption key '00000000000000000000000000000000': 0 pak files mounted, 0 remain pending
[2019.01.14-18.39.38:667][  0]LogPakFile: Registered encryption key '00000000000000000000000000000000': 0 pak files mounted, 0 remain pending
[2019.01.14-18.39.38:671][  0]LogPakFile: Registered encryption key '00000000000000000000000000000000': 0 pak files mounted, 0 remain pending
[2019.01.14-18.39.38:704][  0]LogPakFile: Registered encryption key '00000000000000000000000000000000': 0 pak files mounted, 0 remain pending
[2019.01.14-18.39.38:708][  0]LogPakFile: Registered encryption key '00000000000000000000000000000000': 0 pak files mounted, 0 remain pending
[2019.01.14-18.39.38:712][  0]LogPakFile: Registered encryption key '00000000000000000000000000000000': 0 pak files mounted, 0 remain pending
[2019.01.14-18.39.38:717][  0]LogPakFile: Registered encryption key '00000000000000000000000000000000': 0 pak files mounted, 0 remain pending
[2019.01.14-18.39.38:758][  0]LogPakFile: Registered encryption key '00000000000000000000000000000000': 0 pak files mounted, 0 remain pending
[2019.01.14-18.39.38:763][  0]LogPakFile: Registered encryption key '00000000000000000000000000000000': 0 pak files mounted, 0 remain pending
[2019.01.14-18.39.38:768][  0]LogPakFile: Registered encryption key '00000000000000000000000000000000': 0 pak files mounted, 0 remain pending
[2019.01.14-18.39.38:788][  0]LogPakFile: Registered encryption key '00000000000000000000000000000000': 0 pak files mounted, 0 remain pending
[2019.01.14-18.39.38:793][  0]LogPakFile: Registered encryption key '00000000000000000000000000000000': 0 pak files mounted, 0 remain pending
[2019.01.14-18.39.38:798][  0]LogPakFile: Registered encryption key '00000000000000000000000000000000': 0 pak files mounted, 0 remain pending
[2019.01.14-18.39.39:347][  0]LogContentBrowser: Native class hierarchy updated for 'AddContentDialog' in 0.0003 seconds. Added 0 classes and 0 folders.
[2019.01.14-18.39.39:354][  0]LogContentBrowser: Native class hierarchy updated for 'SceneOutliner' in 0.0003 seconds. Added 1 classes and 2 folders.
[2019.01.14-18.39.39:492][  0]LogSlate: Took 0.050052 seconds to synchronously load lazily loaded font '../../../Engine/Content/Slate/Fonts/Roboto-Regular.ttf' (155K)
[2019.01.14-18.39.39:522][  0]LogSlate: Took 0.029003 seconds to synchronously load lazily loaded font '../../../Engine/Content/Slate/Fonts/Roboto-Bold.ttf' (160K)
[2019.01.14-18.39.39:551][  0]LogSlate: Took 0.023502 seconds to synchronously load lazily loaded font '../../../Engine/Content/Editor/Slate/Fonts/FontAwesome.ttf' (139K)
[2019.01.14-18.39.39:672][  0]LogRenderer: Reallocating scene render targets to support 2172x900 Format 26 NumSamples 1 (Frame:1).
[2019.01.14-18.39.39:915][  0]LogContentBrowser: Native class hierarchy updated for 'HierarchicalLODOutliner' in 0.0003 seconds. Added 0 classes and 0 folders.
[2019.01.14-18.39.39:915][  0]LogLoad: (Engine Initialization) Total time: 79.27 seconds
[2019.01.14-18.39.39:915][  0]LogLoad: (Engine Initialization) Total Blueprint compile time: 0.00 seconds
[2019.01.14-18.39.39:953][  0]LogAssetRegistry: Asset discovery search completed in 60.3450 seconds
[2019.01.14-18.39.39:954][  0]LogCollectionManager: Rebuilt the object cache for 0 collections in 0.000000 seconds (found 0 objects)
[2019.01.14-18.39.39:954][  0]LogCollectionManager: Fixed up redirectors for 0 collections in 0.000040 seconds (updated 0 objects)
[2019.01.14-18.39.39:955][  0]LogContentStreaming: Texture pool size now 1000 MB
[2019.01.14-18.39.39:964][  0]LogSlate: FSceneViewport::OnFocusLost() reason 2
[2019.01.14-18.39.45:546][647]LogSlate: Window 'Message Log' being destroyed
[2019.01.14-18.39.45:548][647]LogSlate: Window 'Message Log' being destroyed
[2019.01.14-18.39.49:402][ 95]LogSlate: FSceneViewport::OnFocusLost() reason 0
[2019.01.14-18.39.50:534][222]LogMaterial: Display: Missing cached shader map for material Material_0, compiling. 
[2019.01.14-18.39.50:545][222]LogMaterial: Warning: /Engine/Transient.Material_0 (no disk path found): Failed to compile Material for platform PCD3D_SM5, Default Material will be used in game.
[2019.01.14-18.39.50:545][222]LogMaterial: 	Only transparent or postprocess materials can read from scene depth.
[2019.01.14-18.40.33:896][538]LogSlate: Took 0.023082 seconds to synchronously load lazily loaded font '../../../Engine/Content/Slate/Fonts/Roboto-Light.ttf' (167K)
[2019.01.14-18.40.34:414][538]LogLinker: Warning: Can't find file '/Game/VirtualRealityBP/Maps/MotionControllerMap_BuiltData'
[2019.01.14-18.40.34:415][538]LogLinker: Warning: Can't find file for asset '/Game/VirtualRealityBP/Maps/MotionControllerMap_BuiltData' while loading ../../../../../../Users/VR Admin/Documents/GitHub/missorhit/CHOA_store_final/Content/VirtualRealityBP/Maps/MotionControllerMap.umap.
[2019.01.14-18.40.34:415][538]LoadErrors: Error: /Game/VirtualRealityBP/Maps/MotionControllerMap : Can't find file for asset. /Game/VirtualRealityBP/Maps/MotionControllerMap_BuiltData
[2019.01.14-18.40.34:418][538]LogLinker: Warning: Can't find file '/Game/VirtualRealityBP/Maps/MotionControllerMap_BuiltData'
[2019.01.14-18.40.34:418][538]LogLinker: Warning: Can't find file for asset '/Game/VirtualRealityBP/Maps/MotionControllerMap_BuiltData' while loading ../../../../../../Users/VR Admin/Documents/GitHub/missorhit/CHOA_store_final/Content/VirtualRealityBP/Maps/MotionControllerMap.umap.
[2019.01.14-18.40.34:419][538]LogLinker: Warning: Can't find file '/Game/VirtualRealityBP/Maps/MotionControllerMap_BuiltData'
[2019.01.14-18.40.34:419][538]LogLinker: Warning: Can't find file for asset '/Game/VirtualRealityBP/Maps/MotionControllerMap_BuiltData' while loading NULL.
[2019.01.14-18.40.34:419][538]LogLinker: Warning: Can't find file '/Game/VirtualRealityBP/Maps/MotionControllerMap_BuiltData'
[2019.01.14-18.40.34:419][538]LogLinker: Warning: Can't find file for asset '/Game/VirtualRealityBP/Maps/MotionControllerMap_BuiltData' while loading NULL.
[2019.01.14-18.40.34:486][538]LogLinker: Warning: Can't find file '/Game/VirtualRealityBP/Maps/MotionControllerMap_BuiltData'
[2019.01.14-18.40.34:486][538]LoadErrors: Failed to load /Game/VirtualRealityBP/Maps/MotionControllerMap_BuiltData.MotionControllerMap_BuiltData Referenced by PersistentLevel
[2019.01.14-18.40.34:486][538]LogLinker: Warning: Can't find file for asset '/Game/VirtualRealityBP/Maps/MotionControllerMap_BuiltData' while loading NULL.
[2019.01.14-18.40.34:837][538]LogAIModule: Creating AISystem for world MotionControllerMap
[2019.01.14-18.40.34:898][538]LogAssetEditorManager: Opening Asset editor for World /Game/VirtualRealityBP/Maps/MotionControllerMap.MotionControllerMap
[2019.01.14-18.40.34:938][538]Cmd: MAP LOAD FILE="../../../../../../Users/VR Admin/Documents/GitHub/missorhit/CHOA_store_final/Content/VirtualRealityBP/Maps/MotionControllerMap.umap" TEMPLATE=0 SHOWPROGRESS=1 FEATURELEVEL=3
[2019.01.14-18.40.34:939][538]LightingResults: New page: Lighting Build
[2019.01.14-18.40.34:939][538]LoadErrors: New page: Loading map: MotionControllerMap.umap
[2019.01.14-18.40.34:940][538]MapCheck: New page: Map Check
[2019.01.14-18.40.34:940][538]LightingResults: New page: Lighting Build
[2019.01.14-18.40.35:067][538]LogEditorServer: Finished looking for orphan Actors (0.000 secs)
[2019.01.14-18.40.35:160][538]Cmd: MAP CHECKDEP NOCLEARLOG
[2019.01.14-18.40.35:160][538]MapCheck: Map check complete: 0 Error(s), 0 Warning(s), took 0.146ms to complete.
[2019.01.14-18.40.35:160][538]LogFileHelpers: Loading map 'MotionControllerMap' took 0.222
[2019.01.14-18.41.26:878][683]LogSlate: FSceneViewport::OnFocusLost() reason 2
[2019.01.14-18.41.46:580][322]MapCheck: New page: Map Check
[2019.01.14-18.41.46:607][322]Cmd: MAP REBUILD ALLVISIBLE
[2019.01.14-18.41.46:617][322]LogEditorServer: Rebuildmap Clear paths rebuilt
[2019.01.14-18.41.47:026][322]LogMaterial: Display: Missing cached shader map for material FDebugViewModeMaterialProxy MaterialInstanceDynamic_0, compiling. 
[2019.01.14-18.41.47:092][322]LogShaderCompilers: Display: Shaders left to compile 1
[2019.01.14-18.41.47:092][322]LogMaterial: Display: Missing cached shader map for material FDebugViewModeMaterialProxy M_BaseMaterial, compiling. 
[2019.01.14-18.41.47:100][322]LogMaterial: Display: Missing cached shader map for material FDebugViewModeMaterialProxy WorldGridMaterial, compiling. Is special engine material.
[2019.01.14-18.41.47:108][322]LogMaterial: Display: Missing cached shader map for material FDebugViewModeMaterialProxy DefaultTextMaterialOpaque, compiling. 
[2019.01.14-18.41.47:116][322]LogMaterial: Display: Missing cached shader map for material FDebugViewModeMaterialProxy MatineeCam_mat, compiling. 
[2019.01.14-18.41.48:739][322]LogShaderCompilers: Display: Shaders left to compile 4
[2019.01.14-18.41.48:739][322]LogShaderCompilers: Display: Shaders left to compile 3
[2019.01.14-18.41.48:739][322]LogShaderCompilers: Display: Shaders left to compile 2
[2019.01.14-18.41.48:739][322]LogShaderCompilers: Display: Shaders left to compile 1
[2019.01.14-18.41.48:739][322]TextureStreamingBuild: Display: Compiling optional shaders took 1.719 seconds.
[2019.01.14-18.41.48:797][322]LogLevel: Display: Export Material TexCoord Scales took 0.057 seconds.
[2019.01.14-18.41.48:857][322]TextureStreamingBuild: Display: Build Texture Streaming took 0.052 seconds.
[2019.01.14-18.41.48:934][322]LightingResults: New page: Lighting Build - Jan 14, 2019, 8:41:48 AM
[2019.01.14-18.41.49:036][322]LogSwarmInterface: [OpenConnection] Registering TCP channel ...
[2019.01.14-18.41.49:176][322]LogSwarmInterface: [OpenConnection] Connecting to agent ...
[2019.01.14-18.41.49:193][322]LogSwarmInterface: [TryOpenConnection] Testing the Agent
[2019.01.14-18.41.50:242][322]LogSwarmInterface: [TryOpenConnection] Opening Connection to Agent
[2019.01.14-18.41.50:242][322]LogSwarmInterface: [TryOpenConnection] Local Process ID is 11124
[2019.01.14-18.41.59:333][322]LogStaticLightingSystem: Running Lightmass w/ ImmediateImport mode ENABLED
[2019.01.14-18.41.59:333][322]LogStaticLightingSystem: Running Lightmass w/ ImmediateProcess mode ENABLED
[2019.01.14-18.41.59:333][322]LogStaticLightingSystem: Running Lightmass w/ Sorting mode ENABLED
[2019.01.14-18.41.59:334][322]LogStaticLightingSystem: Running Lightmass w/ Mapping paddings ENABLED
[2019.01.14-18.41.59:334][322]LogStaticLightingSystem: Running Lightmass w/ Mapping debug paddings DISABLED
[2019.01.14-18.41.59:673][322]Cmd: MAP CHECK DONTDISPLAYDIALOG
[2019.01.14-18.41.59:673][322]MapCheck: New page: MotionControllerMap - Jan 14, 2019, 8:41:59 AM
[2019.01.14-18.41.59:673][322]MapCheck: Error: WorldInfo_0 Maps need lighting rebuilt 
[2019.01.14-18.42.00:073][322]MapCheck: Map check complete: 1 Error(s), 0 Warning(s), took 400.121ms to complete.
[2019.01.14-18.42.00:120][322]LogEditorBuildUtils: Build time 0:13
[2019.01.14-18.42.00:459][323]LogMaterial: Display: Missing cached shader map for material FLightmassMaterialRenderer M_BaseMaterial, compiling. 
[2019.01.14-18.42.00:513][323]LogShaderCompilers: Display: Shaders left to compile 2
[2019.01.14-18.42.00:513][323]LogMaterial: Display: Missing cached shader map for material FLightmassMaterialRenderer M_BaseMaterial, compiling. 
[2019.01.14-18.42.00:537][323]LogShaderCompilers: Display: Shaders left to compile 2
[2019.01.14-18.42.09:867][349]Job is a success!
[2019.01.14-18.42.10:258][350]LogVolumetricLightmapImport: Imported Volumetric Lightmap in 0.017s
[2019.01.14-18.42.10:258][350]LogVolumetricLightmapImport:      Indirection Texture 16x16x16 = 0.0Mb
[2019.01.14-18.42.10:258][350]LogVolumetricLightmapImport:      BrickData 270x5x5 = 0.2Mb (trimmed 0.1Mb due to 0.010000 MinBrickError)
[2019.01.14-18.42.10:258][350]LogVolumetricLightmapImport:      Bricks at Level
[2019.01.14-18.42.10:258][350]LogVolumetricLightmapImport:          0: 1.9% covering 100.0% of volume
[2019.01.14-18.42.10:258][350]LogVolumetricLightmapImport:          1: 14.8% covering 12.5% of volume
[2019.01.14-18.42.10:258][350]LogVolumetricLightmapImport:          2: 83.3% covering 1.1% of volume
[2019.01.14-18.42.10:868][350]LogTexture: Display: Building textures: HQ_Lightmap0_2 (AutoDXT, 1024X1024)
[2019.01.14-18.42.10:868][350]LogTexture: Display: Building textures: LQ_Lightmap_0_1 (DXT1, 1024X1024)
[2019.01.14-18.42.10:868][350]LogTexture: Display: Building textures: HQ_Lightmap0_1 (AutoDXT, 1024X1024)
[2019.01.14-18.42.10:868][350]LogTexture: Display: Building textures: LQ_Lightmap_0_2 (DXT1, 1024X1024)
[2019.01.14-18.42.10:868][350]LogTexture: Display: Building textures: LQ_Lightmap_0_3 (DXT1, 64X64)
[2019.01.14-18.42.10:868][350]LogTexture: Display: Building textures: HQ_Lightmap0_3 (AutoDXT, 64X64)
[2019.01.14-18.42.11:002][350]LogTexture: Display: Building textures: ShadowMapTexture2D_2 (G8, 32X32)
[2019.01.14-18.42.11:002][350]LogTexture: Display: Building textures: ShadowMapTexture2D_1 (G8, 1024X256)
[2019.01.14-18.42.11:002][350]LogTexture: Display: Building textures: ShadowMapTexture2D_0 (G8, 1024X512)
[2019.01.14-18.42.11:105][350]Lightmass on VR-MACHINE-3: 6.85 sec total, 499 ms importing, 48 ms setup, 1.67 sec photons, 4.52 sec processing, 0 ms extra exporting [51/51 mappings]. Threads: 49.2 sec total, 8.70 sec processing.
[2019.01.14-18.42.11:152][350]LogStaticLightingSystem: Illumination: 21.8 sec (416 ms encoding lightmaps, 132 ms encoding shadowmaps)
[2019.01.14-18.42.11:152][350]LogStaticLightingSystem: Lightmap texture memory:  4.0 MB (2.0 MB streaming, 2.0 MB non-streaming), 6 textures
[2019.01.14-18.42.11:152][350]LogStaticLightingSystem: Shadowmap texture memory: 1.0 MB (0.3 MB streaming, 0.7 MB non-streaming), 3 textures
[2019.01.14-18.42.11:280][350]DumpUnbuiltLightIteractions
[2019.01.14-18.42.11:280][350]Lights with unbuilt interactions: 0
[2019.01.14-18.42.11:280][350]
[2019.01.14-18.42.11:280][350]Primitives with unbuilt interactions: 0
[2019.01.14-18.42.11:311][351]Cmd: MAP CHECK NOTIFYRESULTS
[2019.01.14-18.42.11:311][351]MapCheck: New page: MotionControllerMap - Jan 14, 2019, 8:42:11 AM
[2019.01.14-18.42.11:334][351]MapCheck: Map check complete: 0 Error(s), 0 Warning(s), took 22.706ms to complete.
[2019.01.14-18.42.14:138][366]LogInit: XAudio2 using 'Speakers (HTC Vive)' : 2 channels at 44.1 kHz using 16 bits per sample (channel mask 0x3)
[2019.01.14-18.42.19:322][604]LogSlate: Window 'Message Log' being destroyed
[2019.01.14-18.42.19:325][604]LogSlate: Window 'Message Log' being destroyed
[2019.01.14-18.50.35:933][646]LogSavePackage: Moving '../../../../../../Users/VR Admin/Documents/GitHub/missorhit/CHOA_store_final/Saved/MotionControllerMap_Auto190EC422C475480F76E8AFFA4D7705369.tmp' to '../../../../../../Users/VR Admin/Documents/GitHub/missorhit/CHOA_store_final/Saved/Autosaves/Game/VirtualRealityBP/Maps/MotionControllerMap_Auto1.umap'
[2019.01.14-18.50.35:939][646]LogFileHelpers: Editor autosave (incl. sublevels) for '/Game/VirtualRealityBP/Maps/MotionControllerMap' took 0.539
[2019.01.14-18.50.35:939][646]LogFileHelpers: Editor autosave (incl. sublevels) for all levels took 0.539
[2019.01.14-19.00.36:266][431]LogFileHelpers: Editor autosave (incl. sublevels) for '/Game/VirtualRealityBP/Maps/MotionControllerMap' took 0.026
[2019.01.14-19.10.36:805][216]LogFileHelpers: Editor autosave (incl. sublevels) for '/Game/VirtualRealityBP/Maps/MotionControllerMap' took 0.027
[2019.01.14-19.20.37:291][  1]LogFileHelpers: Editor autosave (incl. sublevels) for '/Game/VirtualRealityBP/Maps/MotionControllerMap' took 0.031
[2019.01.14-19.30.37:883][787]LogFileHelpers: Editor autosave (incl. sublevels) for '/Game/VirtualRealityBP/Maps/MotionControllerMap' took 0.026
[2019.01.14-19.40.38:549][572]LogFileHelpers: Editor autosave (incl. sublevels) for '/Game/VirtualRealityBP/Maps/MotionControllerMap' took 0.025
[2019.01.14-19.50.39:100][358]LogFileHelpers: Editor autosave (incl. sublevels) for '/Game/VirtualRealityBP/Maps/MotionControllerMap' took 0.030
[2019.01.14-20.00.39:833][144]LogFileHelpers: Editor autosave (incl. sublevels) for '/Game/VirtualRealityBP/Maps/MotionControllerMap' took 0.030
[2019.01.14-20.04.00:925][192]LogSlate: FSceneViewport::OnFocusLost() reason 0
[2019.01.14-20.04.14:576][434]LogSlate: FSceneViewport::OnFocusLost() reason 0
[2019.01.14-20.04.29:975][211]LogSavePackage: Moving '../../../../../../Users/VR Admin/Documents/GitHub/missorhit/CHOA_store_final/Saved/MotionControllerMap6D9293B9433404CDDFB7678482EE6805.tmp' to '../../../../../../Users/VR Admin/Documents/GitHub/missorhit/CHOA_store_final/Content/VirtualRealityBP/Maps/MotionControllerMap.umap'
[2019.01.14-20.04.30:134][211]LogSavePackage: Moving '../../../../../../Users/VR Admin/Documents/GitHub/missorhit/CHOA_store_final/Saved/MotionControllerMap_BuiltData4A07B1F24324E364B46F028617242F62.tmp' to '../../../../../../Users/VR Admin/Documents/GitHub/missorhit/CHOA_store_final/Content/VirtualRealityBP/Maps/MotionControllerMap_BuiltData.uasset'
